0 info it worked if it ends with ok
1 verbose cli [ 'C:\\Program Files\\nodejs\\node.exe',
1 verbose cli   'C:\\Program Files\\nodejs\\node_modules\\npm\\bin\\npm-cli.js',
1 verbose cli   'start' ]
2 info using npm@3.10.10
3 info using node@v6.10.1
4 verbose run-script [ 'prestart', 'start', 'poststart' ]
5 info lifecycle gshop_server@0.0.0~prestart: gshop_server@0.0.0
6 silly lifecycle gshop_server@0.0.0~prestart: no script for prestart, continuing
7 info lifecycle gshop_server@0.0.0~start: gshop_server@0.0.0
8 verbose lifecycle gshop_server@0.0.0~start: unsafe-perm in lifecycle true
9 verbose lifecycle gshop_server@0.0.0~start: PATH: C:\Program Files\nodejs\node_modules\npm\bin\node-gyp-bin;D:\work\公开课\vue项目-硅谷外卖\code\gshop-server_final\node_modules\.bin;C:\WINDOWS\system32;C:\WINDOWS;C:\WINDOWS\System32\Wbem;C:\WINDOWS\System32\WindowsPowerShell\v1.0\;C:\Program Files\nodejs\;C:\Program Files\SlikSvn\bin;E:\cordova-package\jdk1.8-64\bin;E:\cordova-package\android-sdk\platform-tools;E:\cordova-package\android-sdk\tools;C:\Program Files\VisualSVN Server\bin;C:\Program Files\TortoiseSVN\bin;C:\Program Files\Git\cmd;C:\Program Files\TortoiseGit\bin;C:\Users\Fei\AppData\Local\Microsoft\WindowsApps;C:\Users\Fei\AppData\Roaming\npm;E:\BaiduYunDownload\gradle-4.1\bin;C:\Users\Fei\AppData\Local\Programs\Python\Python35\Scripts;C:\Users\Fei\AppData\Local\Programs\Python\Python35;C:\Program Files\Microsoft VS Code\bin;D:\work\server\apache-tomcat-6.0.16\bin;D:\work\node\mongodb\bin;
10 verbose lifecycle gshop_server@0.0.0~start: CWD: D:\work\公开课\vue项目-硅谷外卖\code\gshop-server_final
11 silly lifecycle gshop_server@0.0.0~start: Args: [ '/d /s /c', 'nodemon ./bin/www' ]
12 silly lifecycle gshop_server@0.0.0~start: Returned: code: 3221225786  signal: null
13 info lifecycle gshop_server@0.0.0~start: Failed to exec start script
14 verbose stack Error: gshop_server@0.0.0 start: `nodemon ./bin/www`
14 verbose stack Exit status 3221225786
14 verbose stack     at EventEmitter.<anonymous> (C:\Program Files\nodejs\node_modules\npm\lib\utils\lifecycle.js:255:16)
14 verbose stack     at emitTwo (events.js:106:13)
14 verbose stack     at EventEmitter.emit (events.js:191:7)
14 verbose stack     at ChildProcess.<anonymous> (C:\Program Files\nodejs\node_modules\npm\lib\utils\spawn.js:40:14)
14 verbose stack     at emitTwo (events.js:106:13)
14 verbose stack     at ChildProcess.emit (events.js:191:7)
14 verbose stack     at maybeClose (internal/child_process.js:886:16)
14 verbose stack     at Process.ChildProcess._handle.onexit (internal/child_process.js:226:5)
15 verbose pkgid gshop_server@0.0.0
16 verbose cwd D:\work\公开课\vue项目-硅谷外卖\code\gshop-server_final
17 error Windows_NT 10.0.16299
18 error argv "C:\\Program Files\\nodejs\\node.exe" "C:\\Program Files\\nodejs\\node_modules\\npm\\bin\\npm-cli.js" "start"
19 error node v6.10.1
20 error npm  v3.10.10
21 error code ELIFECYCLE
22 error gshop_server@0.0.0 start: `nodemon ./bin/www`
22 error Exit status 3221225786
23 error Failed at the gshop_server@0.0.0 start script 'nodemon ./bin/www'.
23 error Make sure you have the latest version of node.js and npm installed.
23 error If you do, this is most likely a problem with the gshop_server package,
23 error not with npm itself.
23 error Tell the author that this fails on your system:
23 error     nodemon ./bin/www
23 error You can get information on how to open an issue for this project with:
23 error     npm bugs gshop_server
23 error Or if that isn't available, you can get their info via:
23 error     npm owner ls gshop_server
23 error There is likely additional logging output above.
24 verbose exit [ 1, true ]
